<?xml version="1.0" encoding="UTF-8"?>
<testng-results ignored="0" total="1" passed="1" failed="0" skipped="0">
  <reporter-output>
  </reporter-output>
  <suite started-at="2022-12-03T10:57:23 CST" name="Default suite" finished-at="2022-12-03T10:57:23 CST" duration-ms="127">
    <groups>
    </groups>
    <test started-at="2022-12-03T10:57:23 CST" name="Default test" finished-at="2022-12-03T10:57:23 CST" duration-ms="127">
      <class name="GitJava.JavaAssignment.HelloUpper">
        <test-method signature="testCase1()[pri:0, instance:GitJava.JavaAssignment.HelloUpper@6fdbe764]" started-at="2022-12-03T10:57:23 CST" name="testCase1" finished-at="2022-12-03T10:57:23 CST" duration-ms="20" status="PASS">
          <reporter-output>
          </reporter-output>
        </test-method> <!-- testCase1 -->
      </class> <!-- GitJava.JavaAssignment.HelloUpper -->
    </test> <!-- Default test -->
  </suite> <!-- Default suite -->
</testng-results>
